0 verbose cli C:\Program Files\nodejs\node.exe C:\Program Files\nodejs\node_modules\npm\bin\npm-cli.js
1 info using npm@11.6.2
2 info using node@v25.0.0
3 silly config load:file:C:\Program Files\nodejs\node_modules\npm\npmrc
4 silly config load:file:C:\Users\HP\developpement_farm\.npmrc
5 silly config load:file:C:\Users\HP\.npmrc
6 silly config load:file:C:\Users\HP\AppData\Roaming\npm\etc\npmrc
7 verbose title npm start
8 verbose argv "start" "--cache" "--clear"
9 verbose logfile logs-max:10 dir:C:\Users\HP\developpement_farm\--clear\_logs\2026-01-02T10_14_42_869Z-
10 verbose logfile C:\Users\HP\developpement_farm\--clear\_logs\2026-01-02T10_14_42_869Z-debug-0.log
11 silly logfile done cleaning log files
12 http fetch GET 200 https://registry.npmjs.org/npm 802ms
13 verbose cwd C:\Users\HP\developpement_farm
14 verbose os Windows_NT 10.0.26100
15 verbose node v25.0.0
16 verbose npm  v11.6.2
17 notice
17 notice New [33mminor[39m version of npm available! [33m11.6.2[39m -> [34m11.7.0[39m
17 notice Changelog: [34mhttps://github.com/npm/cli/releases/tag/v11.7.0[39m
17 notice To update run: [4mnpm install -g npm@11.7.0[24m
17 notice  { force: true, Symbol(proc-log.meta): true }
18 verbose exit 0
19 info ok
